drwxr-xr-x	root/root	usr/
drwxr-xr-x	root/root	usr/share/
drwxr-xr-x	root/root	usr/share/doc/
drwxr-xr-x	root/root	usr/share/doc/junit-4.5/
-rw-r--r--	root/root	usr/share/doc/junit-4.5/README.html
-rw-r--r--	root/root	usr/share/doc/junit-4.5/cpl-v10.html
drwxr-xr-x	root/root	usr/share/doc/junit-4.5/doc/
-rw-r--r--	root/root	usr/share/doc/junit-4.5/doc/ReleaseNotes4.4.html
-rw-r--r--	root/root	usr/share/doc/junit-4.5/doc/ReleaseNotes4.4.txt
-rw-r--r--	root/root	usr/share/doc/junit-4.5/doc/ReleaseNotes4.5.txt
-rw-r--r--	root/root	usr/share/doc/junit-4.5/doc/ReleaseNotes4.6.txt
drwxr-xr-x	root/root	usr/share/doc/junit-4.5/doc/cookbook/
-rw-r--r--	root/root	usr/share/doc/junit-4.5/doc/cookbook/cookbook.htm
-rw-r--r--	root/root	usr/share/doc/junit-4.5/doc/cookbook/logo.gif
drwxr-xr-x	root/root	usr/share/doc/junit-4.5/doc/cookstour/
-rw-r--r--	root/root	usr/share/doc/junit-4.5/doc/cookstour/Image1.gif
-rw-r--r--	root/root	usr/share/doc/junit-4.5/doc/cookstour/Image2.gif
-rw-r--r--	root/root	usr/share/doc/junit-4.5/doc/cookstour/Image3.gif
-rw-r--r--	root/root	usr/share/doc/junit-4.5/doc/cookstour/Image4.gif
-rw-r--r--	root/root	usr/share/doc/junit-4.5/doc/cookstour/Image5.gif
-rw-r--r--	root/root	usr/share/doc/junit-4.5/doc/cookstour/Image6.gif
-rw-r--r--	root/root	usr/share/doc/junit-4.5/doc/cookstour/Image7.gif
-rw-r--r--	root/root	usr/share/doc/junit-4.5/doc/cookstour/cookstour.htm
drwxr-xr-x	root/root	usr/share/doc/junit-4.5/doc/faq/
-rw-r--r--	root/root	usr/share/doc/junit-4.5/doc/faq/faq.htm
-rw-r--r--	root/root	usr/share/doc/junit-4.5/doc/index.htm
-rw-r--r--	root/root	usr/share/doc/junit-4.5/doc/markdown.sh
drwxr-xr-x	root/root	usr/share/doc/junit-4.5/doc/testinfected/
-rw-r--r--	root/root	usr/share/doc/junit-4.5/doc/testinfected/IMG00001.GIF
-rw-r--r--	root/root	usr/share/doc/junit-4.5/doc/testinfected/IMG00002.GIF
-rw-r--r--	root/root	usr/share/doc/junit-4.5/doc/testinfected/IMG00003.GIF
-rw-r--r--	root/root	usr/share/doc/junit-4.5/doc/testinfected/logo.gif
-rw-r--r--	root/root	usr/share/doc/junit-4.5/doc/testinfected/testing.htm
drwxr-xr-x	root/root	usr/share/doc/junit-4.5/javadoc/
-rw-r--r--	root/root	usr/share/doc/junit-4.5/javadoc/allclasses-frame.html
-rw-r--r--	root/root	usr/share/doc/junit-4.5/javadoc/allclasses-noframe.html
-rw-r--r--	root/root	usr/share/doc/junit-4.5/javadoc/constant-values.html
-rw-r--r--	root/root	usr/share/doc/junit-4.5/javadoc/deprecated-list.html
-rw-r--r--	root/root	usr/share/doc/junit-4.5/javadoc/help-doc.html
-rw-r--r--	root/root	usr/share/doc/junit-4.5/javadoc/index-all.html
-rw-r--r--	root/root	usr/share/doc/junit-4.5/javadoc/index.html
drwxr-xr-x	root/root	usr/share/doc/junit-4.5/javadoc/org/
drwxr-xr-x	root/root	usr/share/doc/junit-4.5/javadoc/org/hamcrest/
drwxr-xr-x	root/root	usr/share/doc/junit-4.5/javadoc/org/hamcrest/core/
-rw-r--r--	root/root	usr/share/doc/junit-4.5/javadoc/org/hamcrest/core/AllOf.html
-rw-r--r--	root/root	usr/share/doc/junit-4.5/javadoc/org/hamcrest/core/AnyOf.html
-rw-r--r--	root/root	usr/share/doc/junit-4.5/javadoc/org/hamcrest/core/DescribedAs.html
-rw-r--r--	root/root	usr/share/doc/junit-4.5/javadoc/org/hamcrest/core/Is.html
-rw-r--r--	root/root	usr/share/doc/junit-4.5/javadoc/org/hamcrest/core/IsAnything.html
-rw-r--r--	root/root	usr/share/doc/junit-4.5/javadoc/org/hamcrest/core/IsEqual.html
-rw-r--r--	root/root	usr/share/doc/junit-4.5/javadoc/org/hamcrest/core/IsInstanceOf.html
-rw-r--r--	root/root	usr/share/doc/junit-4.5/javadoc/org/hamcrest/core/IsNot.html
-rw-r--r--	root/root	usr/share/doc/junit-4.5/javadoc/org/hamcrest/core/IsNull.html
-rw-r--r--	root/root	usr/share/doc/junit-4.5/javadoc/org/hamcrest/core/IsSame.html
-rw-r--r--	root/root	usr/share/doc/junit-4.5/javadoc/org/hamcrest/core/package-frame.html
-rw-r--r--	root/root	usr/share/doc/junit-4.5/javadoc/org/hamcrest/core/package-summary.html
-rw-r--r--	root/root	usr/share/doc/junit-4.5/javadoc/org/hamcrest/core/package-tree.html
drwxr-xr-x	root/root	usr/share/doc/junit-4.5/javadoc/org/junit/
-rw-r--r--	root/root	usr/share/doc/junit-4.5/javadoc/org/junit/After.html
-rw-r--r--	root/root	usr/share/doc/junit-4.5/javadoc/org/junit/AfterClass.html
-rw-r--r--	root/root	usr/share/doc/junit-4.5/javadoc/org/junit/Assert.html
-rw-r--r--	root/root	usr/share/doc/junit-4.5/javadoc/org/junit/Assume.html
-rw-r--r--	root/root	usr/share/doc/junit-4.5/javadoc/org/junit/Before.html
-rw-r--r--	root/root	usr/share/doc/junit-4.5/javadoc/org/junit/BeforeClass.html
-rw-r--r--	root/root	usr/share/doc/junit-4.5/javadoc/org/junit/ComparisonFailure.html
-rw-r--r--	root/root	usr/share/doc/junit-4.5/javadoc/org/junit/Ignore.html
-rw-r--r--	root/root	usr/share/doc/junit-4.5/javadoc/org/junit/Test.None.html
-rw-r--r--	root/root	usr/share/doc/junit-4.5/javadoc/org/junit/Test.html
drwxr-xr-x	root/root	usr/share/doc/junit-4.5/javadoc/org/junit/matchers/
-rw-r--r--	root/root	usr/share/doc/junit-4.5/javadoc/org/junit/matchers/JUnitMatchers.html
-rw-r--r--	root/root	usr/share/doc/junit-4.5/javadoc/org/junit/matchers/package-frame.html
-rw-r--r--	root/root	usr/share/doc/junit-4.5/javadoc/org/junit/matchers/package-summary.html
-rw-r--r--	root/root	usr/share/doc/junit-4.5/javadoc/org/junit/matchers/package-tree.html
-rw-r--r--	root/root	usr/share/doc/junit-4.5/javadoc/org/junit/package-frame.html
-rw-r--r--	root/root	usr/share/doc/junit-4.5/javadoc/org/junit/package-summary.html
-rw-r--r--	root/root	usr/share/doc/junit-4.5/javadoc/org/junit/package-tree.html
drwxr-xr-x	root/root	usr/share/doc/junit-4.5/javadoc/org/junit/runner/
-rw-r--r--	root/root	usr/share/doc/junit-4.5/javadoc/org/junit/runner/Describable.html
-rw-r--r--	root/root	usr/share/doc/junit-4.5/javadoc/org/junit/runner/Description.html
-rw-r--r--	root/root	usr/share/doc/junit-4.5/javadoc/org/junit/runner/JUnitCore.html
-rw-r--r--	root/root	usr/share/doc/junit-4.5/javadoc/org/junit/runner/Request.html
-rw-r--r--	root/root	usr/share/doc/junit-4.5/javadoc/org/junit/runner/Result.html
-rw-r--r--	root/root	usr/share/doc/junit-4.5/javadoc/org/junit/runner/RunWith.html
-rw-r--r--	root/root	usr/share/doc/junit-4.5/javadoc/org/junit/runner/Runner.html
drwxr-xr-x	root/root	usr/share/doc/junit-4.5/javadoc/org/junit/runner/manipulation/
-rw-r--r--	root/root	usr/share/doc/junit-4.5/javadoc/org/junit/runner/manipulation/Filter.html
-rw-r--r--	root/root	usr/share/doc/junit-4.5/javadoc/org/junit/runner/manipulation/Filterable.html
-rw-r--r--	root/root	usr/share/doc/junit-4.5/javadoc/org/junit/runner/manipulation/NoTestsRemainException.html
-rw-r--r--	root/root	usr/share/doc/junit-4.5/javadoc/org/junit/runner/manipulation/Sortable.html
-rw-r--r--	root/root	usr/share/doc/junit-4.5/javadoc/org/junit/runner/manipulation/Sorter.html
-rw-r--r--	root/root	usr/share/doc/junit-4.5/javadoc/org/junit/runner/manipulation/package-frame.html
-rw-r--r--	root/root	usr/share/doc/junit-4.5/javadoc/org/junit/runner/manipulation/package-summary.html
-rw-r--r--	root/root	usr/share/doc/junit-4.5/javadoc/org/junit/runner/manipulation/package-tree.html
drwxr-xr-x	root/root	usr/share/doc/junit-4.5/javadoc/org/junit/runner/notification/
-rw-r--r--	root/root	usr/share/doc/junit-4.5/javadoc/org/junit/runner/notification/Failure.html
-rw-r--r--	root/root	usr/share/doc/junit-4.5/javadoc/org/junit/runner/notification/RunListener.html
-rw-r--r--	root/root	usr/share/doc/junit-4.5/javadoc/org/junit/runner/notification/RunNotifier.html
-rw-r--r--	root/root	usr/share/doc/junit-4.5/javadoc/org/junit/runner/notification/StoppedByUserException.html
-rw-r--r--	root/root	usr/share/doc/junit-4.5/javadoc/org/junit/runner/notification/package-frame.html
-rw-r--r--	root/root	usr/share/doc/junit-4.5/javadoc/org/junit/runner/notification/package-summary.html
-rw-r--r--	root/root	usr/share/doc/junit-4.5/javadoc/org/junit/runner/notification/package-tree.html
-rw-r--r--	root/root	usr/share/doc/junit-4.5/javadoc/org/junit/runner/package-frame.html
-rw-r--r--	root/root	usr/share/doc/junit-4.5/javadoc/org/junit/runner/package-summary.html
-rw-r--r--	root/root	usr/share/doc/junit-4.5/javadoc/org/junit/runner/package-tree.html
drwxr-xr-x	root/root	usr/share/doc/junit-4.5/javadoc/org/junit/runners/
-rw-r--r--	root/root	usr/share/doc/junit-4.5/javadoc/org/junit/runners/AllTests.html
-rw-r--r--	root/root	usr/share/doc/junit-4.5/javadoc/org/junit/runners/BlockJUnit4ClassRunner.html
-rw-r--r--	root/root	usr/share/doc/junit-4.5/javadoc/org/junit/runners/JUnit4.html
-rw-r--r--	root/root	usr/share/doc/junit-4.5/javadoc/org/junit/runners/Parameterized.Parameters.html
-rw-r--r--	root/root	usr/share/doc/junit-4.5/javadoc/org/junit/runners/Parameterized.html
-rw-r--r--	root/root	usr/share/doc/junit-4.5/javadoc/org/junit/runners/ParentRunner.html
-rw-r--r--	root/root	usr/share/doc/junit-4.5/javadoc/org/junit/runners/Suite.SuiteClasses.html
-rw-r--r--	root/root	usr/share/doc/junit-4.5/javadoc/org/junit/runners/Suite.html
-rw-r--r--	root/root	usr/share/doc/junit-4.5/javadoc/org/junit/runners/package-frame.html
-rw-r--r--	root/root	usr/share/doc/junit-4.5/javadoc/org/junit/runners/package-summary.html
-rw-r--r--	root/root	usr/share/doc/junit-4.5/javadoc/org/junit/runners/package-tree.html
-rw-r--r--	root/root	usr/share/doc/junit-4.5/javadoc/overview-frame.html
-rw-r--r--	root/root	usr/share/doc/junit-4.5/javadoc/overview-summary.html
-rw-r--r--	root/root	usr/share/doc/junit-4.5/javadoc/overview-tree.html
-rw-r--r--	root/root	usr/share/doc/junit-4.5/javadoc/package-list
drwxr-xr-x	root/root	usr/share/doc/junit-4.5/javadoc/resources/
-rw-r--r--	root/root	usr/share/doc/junit-4.5/javadoc/resources/inherit.gif
-rw-r--r--	root/root	usr/share/doc/junit-4.5/javadoc/serialized-form.html
-rw-r--r--	root/root	usr/share/doc/junit-4.5/javadoc/stylesheet.css
drwxr-xr-x	root/root	usr/share/junit-4.5/
-rw-r--r--	root/root	usr/share/junit-4.5/junit-4.5-src.jar
-rw-r--r--	root/root	usr/share/junit-4.5/junit-4.5.jar
-rw-r--r--	root/root	usr/share/junit-4.5/junit-dep-4.5.jar
drwxr-xr-x	root/root	usr/share/junit-4.5/junit/
drwxr-xr-x	root/root	usr/share/junit-4.5/junit/samples/
-rw-r--r--	root/root	usr/share/junit-4.5/junit/samples/AllTests.class
-rw-r--r--	root/root	usr/share/junit-4.5/junit/samples/AllTests.java
-rw-r--r--	root/root	usr/share/junit-4.5/junit/samples/ListTest.class
-rw-r--r--	root/root	usr/share/junit-4.5/junit/samples/ListTest.java
-rw-r--r--	root/root	usr/share/junit-4.5/junit/samples/SimpleTest.class
-rw-r--r--	root/root	usr/share/junit-4.5/junit/samples/SimpleTest.java
drwxr-xr-x	root/root	usr/share/junit-4.5/junit/samples/money/
-rw-r--r--	root/root	usr/share/junit-4.5/junit/samples/money/IMoney.class
-rw-r--r--	root/root	usr/share/junit-4.5/junit/samples/money/IMoney.java
-rw-r--r--	root/root	usr/share/junit-4.5/junit/samples/money/Money.class
-rw-r--r--	root/root	usr/share/junit-4.5/junit/samples/money/Money.java
-rw-r--r--	root/root	usr/share/junit-4.5/junit/samples/money/MoneyBag.class
-rw-r--r--	root/root	usr/share/junit-4.5/junit/samples/money/MoneyBag.java
-rw-r--r--	root/root	usr/share/junit-4.5/junit/samples/money/MoneyTest.class
-rw-r--r--	root/root	usr/share/junit-4.5/junit/samples/money/MoneyTest.java
-rw-r--r--	root/root	usr/share/junit-4.5/junit/samples/money/package-info.java
-rw-r--r--	root/root	usr/share/junit-4.5/junit/samples/package-info.java
drwxr-xr-x	root/root	usr/share/junit-4.5/junit/tests/
-rw-r--r--	root/root	usr/share/junit-4.5/junit/tests/AllTests.class
-rw-r--r--	root/root	usr/share/junit-4.5/junit/tests/AllTests.java
-rw-r--r--	root/root	usr/share/junit-4.5/junit/tests/WasRun.class
-rw-r--r--	root/root	usr/share/junit-4.5/junit/tests/WasRun.java
drwxr-xr-x	root/root	usr/share/junit-4.5/junit/tests/extensions/
-rw-r--r--	root/root	usr/share/junit-4.5/junit/tests/extensions/ActiveTestTest$SuccessTest.class
-rw-r--r--	root/root	usr/share/junit-4.5/junit/tests/extensions/ActiveTestTest.class
-rw-r--r--	root/root	usr/share/junit-4.5/junit/tests/extensions/ActiveTestTest.java
-rw-r--r--	root/root	usr/share/junit-4.5/junit/tests/extensions/AllTests.class
-rw-r--r--	root/root	usr/share/junit-4.5/junit/tests/extensions/AllTests.java
-rw-r--r--	root/root	usr/share/junit-4.5/junit/tests/extensions/ExtensionTest$1.class
-rw-r--r--	root/root	usr/share/junit-4.5/junit/tests/extensions/ExtensionTest$2.class
-rw-r--r--	root/root	usr/share/junit-4.5/junit/tests/extensions/ExtensionTest$3.class
-rw-r--r--	root/root	usr/share/junit-4.5/junit/tests/extensions/ExtensionTest$4.class
-rw-r--r--	root/root	usr/share/junit-4.5/junit/tests/extensions/ExtensionTest$5.class
-rw-r--r--	root/root	usr/share/junit-4.5/junit/tests/extensions/ExtensionTest$TornDown.class
-rw-r--r--	root/root	usr/share/junit-4.5/junit/tests/extensions/ExtensionTest.class
-rw-r--r--	root/root	usr/share/junit-4.5/junit/tests/extensions/ExtensionTest.java
-rw-r--r--	root/root	usr/share/junit-4.5/junit/tests/extensions/RepeatedTestTest$SuccessTest.class
-rw-r--r--	root/root	usr/share/junit-4.5/junit/tests/extensions/RepeatedTestTest.class
-rw-r--r--	root/root	usr/share/junit-4.5/junit/tests/extensions/RepeatedTestTest.java
-rw-r--r--	root/root	usr/share/junit-4.5/junit/tests/extensions/package-info.java
drwxr-xr-x	root/root	usr/share/junit-4.5/junit/tests/framework/
-rw-r--r--	root/root	usr/share/junit-4.5/junit/tests/framework/AllTests.class
-rw-r--r--	root/root	usr/share/junit-4.5/junit/tests/framework/AllTests.java
-rw-r--r--	root/root	usr/share/junit-4.5/junit/tests/framework/AssertTest.class
-rw-r--r--	root/root	usr/share/junit-4.5/junit/tests/framework/AssertTest.java
-rw-r--r--	root/root	usr/share/junit-4.5/junit/tests/framework/ComparisonCompactorTest.class
-rw-r--r--	root/root	usr/share/junit-4.5/junit/tests/framework/ComparisonCompactorTest.java
-rw-r--r--	root/root	usr/share/junit-4.5/junit/tests/framework/ComparisonFailureTest.class
-rw-r--r--	root/root	usr/share/junit-4.5/junit/tests/framework/ComparisonFailureTest.java
-rw-r--r--	root/root	usr/share/junit-4.5/junit/tests/framework/DoublePrecisionAssertTest.class
-rw-r--r--	root/root	usr/share/junit-4.5/junit/tests/framework/DoublePrecisionAssertTest.java
-rw-r--r--	root/root	usr/share/junit-4.5/junit/tests/framework/Failure.class
-rw-r--r--	root/root	usr/share/junit-4.5/junit/tests/framework/Failure.java
-rw-r--r--	root/root	usr/share/junit-4.5/junit/tests/framework/FloatAssertTest.class
-rw-r--r--	root/root	usr/share/junit-4.5/junit/tests/framework/FloatAssertTest.java
-rw-r--r--	root/root	usr/share/junit-4.5/junit/tests/framework/InheritedTestCase.class
-rw-r--r--	root/root	usr/share/junit-4.5/junit/tests/framework/InheritedTestCase.java
-rw-r--r--	root/root	usr/share/junit-4.5/junit/tests/framework/NoArgTestCaseTest.class
-rw-r--r--	root/root	usr/share/junit-4.5/junit/tests/framework/NoArgTestCaseTest.java
-rw-r--r--	root/root	usr/share/junit-4.5/junit/tests/framework/NoTestCaseClass.class
-rw-r--r--	root/root	usr/share/junit-4.5/junit/tests/framework/NoTestCaseClass.java
-rw-r--r--	root/root	usr/share/junit-4.5/junit/tests/framework/NoTestCases.class
-rw-r--r--	root/root	usr/share/junit-4.5/junit/tests/framework/NoTestCases.java
-rw-r--r--	root/root	usr/share/junit-4.5/junit/tests/framework/NotPublicTestCase.class
-rw-r--r--	root/root	usr/share/junit-4.5/junit/tests/framework/NotPublicTestCase.java
-rw-r--r--	root/root	usr/share/junit-4.5/junit/tests/framework/NotVoidTestCase.class
-rw-r--r--	root/root	usr/share/junit-4.5/junit/tests/framework/NotVoidTestCase.java
-rw-r--r--	root/root	usr/share/junit-4.5/junit/tests/framework/OneTestCase.class
-rw-r--r--	root/root	usr/share/junit-4.5/junit/tests/framework/OneTestCase.java
-rw-r--r--	root/root	usr/share/junit-4.5/junit/tests/framework/OverrideTestCase.class
-rw-r--r--	root/root	usr/share/junit-4.5/junit/tests/framework/OverrideTestCase.java
-rw-r--r--	root/root	usr/share/junit-4.5/junit/tests/framework/Success.class
-rw-r--r--	root/root	usr/share/junit-4.5/junit/tests/framework/Success.java
-rw-r--r--	root/root	usr/share/junit-4.5/junit/tests/framework/SuiteTest.class
-rw-r--r--	root/root	usr/share/junit-4.5/junit/tests/framework/SuiteTest.java
-rw-r--r--	root/root	usr/share/junit-4.5/junit/tests/framework/TestCaseTest$1.class
-rw-r--r--	root/root	usr/share/junit-4.5/junit/tests/framework/TestCaseTest$10.class
-rw-r--r--	root/root	usr/share/junit-4.5/junit/tests/framework/TestCaseTest$2.class
-rw-r--r--	root/root	usr/share/junit-4.5/junit/tests/framework/TestCaseTest$3.class
-rw-r--r--	root/root	usr/share/junit-4.5/junit/tests/framework/TestCaseTest$4.class
-rw-r--r--	root/root	usr/share/junit-4.5/junit/tests/framework/TestCaseTest$5.class
-rw-r--r--	root/root	usr/share/junit-4.5/junit/tests/framework/TestCaseTest$6.class
-rw-r--r--	root/root	usr/share/junit-4.5/junit/tests/framework/TestCaseTest$7.class
-rw-r--r--	root/root	usr/share/junit-4.5/junit/tests/framework/TestCaseTest$8.class
-rw-r--r--	root/root	usr/share/junit-4.5/junit/tests/framework/TestCaseTest$9.class
-rw-r--r--	root/root	usr/share/junit-4.5/junit/tests/framework/TestCaseTest$TornDown.class
-rw-r--r--	root/root	usr/share/junit-4.5/junit/tests/framework/TestCaseTest.class
-rw-r--r--	root/root	usr/share/junit-4.5/junit/tests/framework/TestCaseTest.java
-rw-r--r--	root/root	usr/share/junit-4.5/junit/tests/framework/TestImplementorTest$1.class
-rw-r--r--	root/root	usr/share/junit-4.5/junit/tests/framework/TestImplementorTest$DoubleTestCase$1.class
-rw-r--r--	root/root	usr/share/junit-4.5/junit/tests/framework/TestImplementorTest$DoubleTestCase.class
-rw-r--r--	root/root	usr/share/junit-4.5/junit/tests/framework/TestImplementorTest.class
-rw-r--r--	root/root	usr/share/junit-4.5/junit/tests/framework/TestImplementorTest.java
-rw-r--r--	root/root	usr/share/junit-4.5/junit/tests/framework/TestListenerTest$1.class
-rw-r--r--	root/root	usr/share/junit-4.5/junit/tests/framework/TestListenerTest$2.class
-rw-r--r--	root/root	usr/share/junit-4.5/junit/tests/framework/TestListenerTest$3.class
-rw-r--r--	root/root	usr/share/junit-4.5/junit/tests/framework/TestListenerTest.class
-rw-r--r--	root/root	usr/share/junit-4.5/junit/tests/framework/TestListenerTest.java
-rw-r--r--	root/root	usr/share/junit-4.5/junit/tests/framework/package-info.java
-rw-r--r--	root/root	usr/share/junit-4.5/junit/tests/package-info.java
drwxr-xr-x	root/root	usr/share/junit-4.5/junit/tests/runner/
-rw-r--r--	root/root	usr/share/junit-4.5/junit/tests/runner/AllTests.class
-rw-r--r--	root/root	usr/share/junit-4.5/junit/tests/runner/AllTests.java
-rw-r--r--	root/root	usr/share/junit-4.5/junit/tests/runner/BaseTestRunnerTest$MockRunner.class
-rw-r--r--	root/root	usr/share/junit-4.5/junit/tests/runner/BaseTestRunnerTest$NonStatic.class
-rw-r--r--	root/root	usr/share/junit-4.5/junit/tests/runner/BaseTestRunnerTest.class
-rw-r--r--	root/root	usr/share/junit-4.5/junit/tests/runner/BaseTestRunnerTest.java
-rw-r--r--	root/root	usr/share/junit-4.5/junit/tests/runner/StackFilterTest.class
-rw-r--r--	root/root	usr/share/junit-4.5/junit/tests/runner/StackFilterTest.java
-rw-r--r--	root/root	usr/share/junit-4.5/junit/tests/runner/TextFeedbackTest$1.class
-rw-r--r--	root/root	usr/share/junit-4.5/junit/tests/runner/TextFeedbackTest$2.class
-rw-r--r--	root/root	usr/share/junit-4.5/junit/tests/runner/TextFeedbackTest$3.class
-rw-r--r--	root/root	usr/share/junit-4.5/junit/tests/runner/TextFeedbackTest$4.class
-rw-r--r--	root/root	usr/share/junit-4.5/junit/tests/runner/TextFeedbackTest$5.class
-rw-r--r--	root/root	usr/share/junit-4.5/junit/tests/runner/TextFeedbackTest$6.class
-rw-r--r--	root/root	usr/share/junit-4.5/junit/tests/runner/TextFeedbackTest$7.class
-rw-r--r--	root/root	usr/share/junit-4.5/junit/tests/runner/TextFeedbackTest$TestResultPrinter.class
-rw-r--r--	root/root	usr/share/junit-4.5/junit/tests/runner/TextFeedbackTest.class
-rw-r--r--	root/root	usr/share/junit-4.5/junit/tests/runner/TextFeedbackTest.java
-rw-r--r--	root/root	usr/share/junit-4.5/junit/tests/runner/TextRunnerSingleMethodTest$InvocationTest.class
-rw-r--r--	root/root	usr/share/junit-4.5/junit/tests/runner/TextRunnerSingleMethodTest.class
-rw-r--r--	root/root	usr/share/junit-4.5/junit/tests/runner/TextRunnerSingleMethodTest.java
-rw-r--r--	root/root	usr/share/junit-4.5/junit/tests/runner/TextRunnerTest$1.class
-rw-r--r--	root/root	usr/share/junit-4.5/junit/tests/runner/TextRunnerTest.class
-rw-r--r--	root/root	usr/share/junit-4.5/junit/tests/runner/TextRunnerTest.java
-rw-r--r--	root/root	usr/share/junit-4.5/junit/tests/runner/package-info.java
drwxr-xr-x	root/root	usr/share/junit-4.5/org/
drwxr-xr-x	root/root	usr/share/junit-4.5/org/junit/
drwxr-xr-x	root/root	usr/share/junit-4.5/org/junit/samples/
-rw-r--r--	root/root	usr/share/junit-4.5/org/junit/samples/ListTest.class
-rw-r--r--	root/root	usr/share/junit-4.5/org/junit/samples/ListTest.java
-rw-r--r--	root/root	usr/share/junit-4.5/org/junit/samples/SimpleTest.class
-rw-r--r--	root/root	usr/share/junit-4.5/org/junit/samples/SimpleTest.java
drwxr-xr-x	root/root	usr/share/junit-4.5/org/junit/samples/money/
-rw-r--r--	root/root	usr/share/junit-4.5/org/junit/samples/money/MoneyTest.class
-rw-r--r--	root/root	usr/share/junit-4.5/org/junit/samples/money/MoneyTest.java
-rw-r--r--	root/root	usr/share/junit-4.5/org/junit/samples/money/package-info.java
-rw-r--r--	root/root	usr/share/junit-4.5/org/junit/samples/package-info.java
drwxr-xr-x	root/root	usr/share/junit-4.5/org/junit/tests/
-rw-r--r--	root/root	usr/share/junit-4.5/org/junit/tests/AllTests.class
-rw-r--r--	root/root	usr/share/junit-4.5/org/junit/tests/AllTests.java
-rw-r--r--	root/root	usr/share/junit-4.5/org/junit/tests/ObjectContractTest.class
-rw-r--r--	root/root	usr/share/junit-4.5/org/junit/tests/ObjectContractTest.java
-rw-r--r--	root/root	usr/share/junit-4.5/org/junit/tests/TestSystem.class
-rw-r--r--	root/root	usr/share/junit-4.5/org/junit/tests/TestSystem.java
drwxr-xr-x	root/root	usr/share/junit-4.5/org/junit/tests/assertion/
-rw-r--r--	root/root	usr/share/junit-4.5/org/junit/tests/assertion/AssertionTest.class
-rw-r--r--	root/root	usr/share/junit-4.5/org/junit/tests/assertion/AssertionTest.java
-rw-r--r--	root/root	usr/share/junit-4.5/org/junit/tests/assertion/BothTest.class
-rw-r--r--	root/root	usr/share/junit-4.5/org/junit/tests/assertion/BothTest.java
-rw-r--r--	root/root	usr/share/junit-4.5/org/junit/tests/assertion/EachTest.class
-rw-r--r--	root/root	usr/share/junit-4.5/org/junit/tests/assertion/EachTest.java
drwxr-xr-x	root/root	usr/share/junit-4.5/org/junit/tests/deprecated/
-rw-r--r--	root/root	usr/share/junit-4.5/org/junit/tests/deprecated/JUnit4ClassRunnerTest$Example.class
-rw-r--r--	root/root	usr/share/junit-4.5/org/junit/tests/deprecated/JUnit4ClassRunnerTest$UnconstructableExample.class
-rw-r--r--	root/root	usr/share/junit-4.5/org/junit/tests/deprecated/JUnit4ClassRunnerTest.class
-rw-r--r--	root/root	usr/share/junit-4.5/org/junit/tests/deprecated/JUnit4ClassRunnerTest.java
drwxr-xr-x	root/root	usr/share/junit-4.5/org/junit/tests/description/
-rw-r--r--	root/root	usr/share/junit-4.5/org/junit/tests/description/AnnotatedDescriptionTest$1.class
-rw-r--r--	root/root	usr/share/junit-4.5/org/junit/tests/description/AnnotatedDescriptionTest$AnnotatedClass.class
-rw-r--r--	root/root	usr/share/junit-4.5/org/junit/tests/description/AnnotatedDescriptionTest$IgnoredClass.class
-rw-r--r--	root/root	usr/share/junit-4.5/org/junit/tests/description/AnnotatedDescriptionTest$MyOwnAnnotation.class
-rw-r--r--	root/root	usr/share/junit-4.5/org/junit/tests/description/AnnotatedDescriptionTest$ValueAnnotatedClass.class
-rw-r--r--	root/root	usr/share/junit-4.5/org/junit/tests/description/AnnotatedDescriptionTest$ValuedAnnotation.class
-rw-r--r--	root/root	usr/share/junit-4.5/org/junit/tests/description/AnnotatedDescriptionTest.class
-rw-r--r--	root/root	usr/share/junit-4.5/org/junit/tests/description/AnnotatedDescriptionTest.java
-rw-r--r--	root/root	usr/share/junit-4.5/org/junit/tests/description/SuiteDescriptionTest.class
-rw-r--r--	root/root	usr/share/junit-4.5/org/junit/tests/description/SuiteDescriptionTest.java
-rw-r--r--	root/root	usr/share/junit-4.5/org/junit/tests/description/TestDescriptionTest.class
-rw-r--r--	root/root	usr/share/junit-4.5/org/junit/tests/description/TestDescriptionTest.java
drwxr-xr-x	root/root	usr/share/junit-4.5/org/junit/tests/experimental/
-rw-r--r--	root/root	usr/share/junit-4.5/org/junit/tests/experimental/AssumptionTest$1.class
-rw-r--r--	root/root	usr/share/junit-4.5/org/junit/tests/experimental/AssumptionTest$AssumptionFailureInConstructor.class
-rw-r--r--	root/root	usr/share/junit-4.5/org/junit/tests/experimental/AssumptionTest$HasFailingAssumeInBefore.class
-rw-r--r--	root/root	usr/share/junit-4.5/org/junit/tests/experimental/AssumptionTest$HasFailingAssumeInBeforeClass.class
-rw-r--r--	root/root	usr/share/junit-4.5/org/junit/tests/experimental/AssumptionTest$HasFailingAssumption.class
-rw-r--r--	root/root	usr/share/junit-4.5/org/junit/tests/experimental/AssumptionTest$HasPassingAssumption.class
-rw-r--r--	root/root	usr/share/junit-4.5/org/junit/tests/experimental/AssumptionTest.class
-rw-r--r--	root/root	usr/share/junit-4.5/org/junit/tests/experimental/AssumptionTest.java
-rw-r--r--	root/root	usr/share/junit-4.5/org/junit/tests/experimental/AssumptionViolatedExceptionTest.class
-rw-r--r--	root/root	usr/share/junit-4.5/org/junit/tests/experimental/AssumptionViolatedExceptionTest.java
-rw-r--r--	root/root	usr/share/junit-4.5/org/junit/tests/experimental/ExperimentalTests.class
-rw-r--r--	root/root	usr/share/junit-4.5/org/junit/tests/experimental/ExperimentalTests.java
-rw-r--r--	root/root	usr/share/junit-4.5/org/junit/tests/experimental/MatcherTest.class
-rw-r--r--	root/root	usr/share/junit-4.5/org/junit/tests/experimental/MatcherTest.java
drwxr-xr-x	root/root	usr/share/junit-4.5/org/junit/tests/experimental/logging/
-rw-r--r--	root/root	usr/share/junit-4.5/org/junit/tests/experimental/logging/LoggingTest$Example.class
-rw-r--r--	root/root	usr/share/junit-4.5/org/junit/tests/experimental/logging/LoggingTest$FailingExample.class
-rw-r--r--	root/root	usr/share/junit-4.5/org/junit/tests/experimental/logging/LoggingTest$LoggingListener.class
-rw-r--r--	root/root	usr/share/junit-4.5/org/junit/tests/experimental/logging/LoggingTest$TestLog.class
-rw-r--r--	root/root	usr/share/junit-4.5/org/junit/tests/experimental/logging/LoggingTest.class
-rw-r--r--	root/root	usr/share/junit-4.5/org/junit/tests/experimental/logging/LoggingTest.java
drwxr-xr-x	root/root	usr/share/junit-4.5/org/junit/tests/experimental/results/
-rw-r--r--	root/root	usr/share/junit-4.5/org/junit/tests/experimental/results/PrintableResultTest$1.class
-rw-r--r--	root/root	usr/share/junit-4.5/org/junit/tests/experimental/results/PrintableResultTest.class
-rw-r--r--	root/root	usr/share/junit-4.5/org/junit/tests/experimental/results/PrintableResultTest.java
-rw-r--r--	root/root	usr/share/junit-4.5/org/junit/tests/experimental/results/ResultMatchersTest.class
-rw-r--r--	root/root	usr/share/junit-4.5/org/junit/tests/experimental/results/ResultMatchersTest.java
drwxr-xr-x	root/root	usr/share/junit-4.5/org/junit/tests/experimental/theories/
-rw-r--r--	root/root	usr/share/junit-4.5/org/junit/tests/experimental/theories/AllMembersSupplierTest$HasDataPoints.class
-rw-r--r--	root/root	usr/share/junit-4.5/org/junit/tests/experimental/theories/AllMembersSupplierTest.class
-rw-r--r--	root/root	usr/share/junit-4.5/org/junit/tests/experimental/theories/AllMembersSupplierTest.java
-rw-r--r--	root/root	usr/share/junit-4.5/org/junit/tests/experimental/theories/ParameterSignatureTest.class
-rw-r--r--	root/root	usr/share/junit-4.5/org/junit/tests/experimental/theories/ParameterSignatureTest.java
-rw-r--r--	root/root	usr/share/junit-4.5/org/junit/tests/experimental/theories/ParameterizedAssertionErrorTest$1.class
-rw-r--r--	root/root	usr/share/junit-4.5/org/junit/tests/experimental/theories/ParameterizedAssertionErrorTest.class
-rw-r--r--	root/root	usr/share/junit-4.5/org/junit/tests/experimental/theories/ParameterizedAssertionErrorTest.java
drwxr-xr-x	root/root	usr/share/junit-4.5/org/junit/tests/experimental/theories/extendingwithstubs/
-rw-r--r--	root/root	usr/share/junit-4.5/org/junit/tests/experimental/theories/extendingwithstubs/Correspondent.class
-rw-r--r--	root/root	usr/share/junit-4.5/org/junit/tests/experimental/theories/extendingwithstubs/Correspondent.java
-rw-r--r--	root/root	usr/share/junit-4.5/org/junit/tests/experimental/theories/extendingwithstubs/Guesser$1.class
-rw-r--r--	root/root	usr/share/junit-4.5/org/junit/tests/experimental/theories/extendingwithstubs/Guesser$GuessMap.class
-rw-r--r--	root/root	usr/share/junit-4.5/org/junit/tests/experimental/theories/extendingwithstubs/Guesser.class
-rw-r--r--	root/root	usr/share/junit-4.5/org/junit/tests/experimental/theories/extendingwithstubs/Guesser.java
-rw-r--r--	root/root	usr/share/junit-4.5/org/junit/tests/experimental/theories/extendingwithstubs/GuesserQueue$ReguessableDecorator.class
-rw-r--r--	root/root	usr/share/junit-4.5/org/junit/tests/experimental/theories/extendingwithstubs/GuesserQueue.class
-rw-r--r--	root/root	usr/share/junit-4.5/org/junit/tests/experimental/theories/extendingwithstubs/GuesserQueue.java
-rw-r--r--	root/root	usr/share/junit-4.5/org/junit/tests/experimental/theories/extendingwithstubs/MethodCall.class
-rw-r--r--	root/root	usr/share/junit-4.5/org/junit/tests/experimental/theories/extendingwithstubs/MethodCall.java
-rw-r--r--	root/root	usr/share/junit-4.5/org/junit/tests/experimental/theories/extendingwithstubs/ReguessableValue.class
-rw-r--r--	root/root	usr/share/junit-4.5/org/junit/tests/experimental/theories/extendingwithstubs/ReguessableValue.java
-rw-r--r--	root/root	usr/share/junit-4.5/org/junit/tests/experimental/theories/extendingwithstubs/StringableObject.class
-rw-r--r--	root/root	usr/share/junit-4.5/org/junit/tests/experimental/theories/extendingwithstubs/StringableObject.java
-rw-r--r--	root/root	usr/share/junit-4.5/org/junit/tests/experimental/theories/extendingwithstubs/Stub.class
-rw-r--r--	root/root	usr/share/junit-4.5/org/junit/tests/experimental/theories/extendingwithstubs/Stub.java
-rw-r--r--	root/root	usr/share/junit-4.5/org/junit/tests/experimental/theories/extendingwithstubs/StubbedTheories$StubbedTheoryAnchor.class
-rw-r--r--	root/root	usr/share/junit-4.5/org/junit/tests/experimental/theories/extendingwithstubs/StubbedTheories.class
-rw-r--r--	root/root	usr/share/junit-4.5/org/junit/tests/experimental/theories/extendingwithstubs/StubbedTheories.java
-rw-r--r--	root/root	usr/share/junit-4.5/org/junit/tests/experimental/theories/extendingwithstubs/StubbedTheoriesTest.class
-rw-r--r--	root/root	usr/share/junit-4.5/org/junit/tests/experimental/theories/extendingwithstubs/StubbedTheoriesTest.java
drwxr-xr-x	root/root	usr/share/junit-4.5/org/junit/tests/experimental/theories/runner/
-rw-r--r--	root/root	usr/share/junit-4.5/org/junit/tests/experimental/theories/runner/SuccessfulWithDataPointFields$BeforeAndAfterEachTime.class
-rw-r--r--	root/root	usr/share/junit-4.5/org/junit/tests/experimental/theories/runner/SuccessfulWithDataPointFields$BeforeAndAfterOnSameInstance.class
-rw-r--r--	root/root	usr/share/junit-4.5/org/junit/tests/experimental/theories/runner/SuccessfulWithDataPointFields$DifferentTypesInConstructor.class
-rw-r--r--	root/root	usr/share/junit-4.5/org/junit/tests/experimental/theories/runner/SuccessfulWithDataPointFields$HasATwoParameterTheory.class
-rw-r--r--	root/root	usr/share/junit-4.5/org/junit/tests/experimental/theories/runner/SuccessfulWithDataPointFields$NewObjectEachTime.class
-rw-r--r--	root/root	usr/share/junit-4.5/org/junit/tests/experimental/theories/runner/SuccessfulWithDataPointFields$OneTestTwoAnnotations.class
-rw-r--r--	root/root	usr/share/junit-4.5/org/junit/tests/experimental/theories/runner/SuccessfulWithDataPointFields$PositiveInts.class
-rw-r--r--	root/root	usr/share/junit-4.5/org/junit/tests/experimental/theories/runner/SuccessfulWithDataPointFields$PositiveIntsWithMethodParams.class
-rw-r--r--	root/root	usr/share/junit-4.5/org/junit/tests/experimental/theories/runner/SuccessfulWithDataPointFields$PositiveIntsWithNegativeField.class
-rw-r--r--	root/root	usr/share/junit-4.5/org/junit/tests/experimental/theories/runner/SuccessfulWithDataPointFields.class
-rw-r--r--	root/root	usr/share/junit-4.5/org/junit/tests/experimental/theories/runner/SuccessfulWithDataPointFields.java
-rw-r--r--	root/root	usr/share/junit-4.5/org/junit/tests/experimental/theories/runner/TheoriesPerformanceTest$UpToTen.class
-rw-r--r--	root/root	usr/share/junit-4.5/org/junit/tests/experimental/theories/runner/TheoriesPerformanceTest.class
-rw-r--r--	root/root	usr/share/junit-4.5/org/junit/tests/experimental/theories/runner/TheoriesPerformanceTest.java
-rw-r--r--	root/root	usr/share/junit-4.5/org/junit/tests/experimental/theories/runner/UnsuccessfulWithDataPointFields$DataPointsMustBeStatic.class
-rw-r--r--	root/root	usr/share/junit-4.5/org/junit/tests/experimental/theories/runner/UnsuccessfulWithDataPointFields$DoesntUseParams.class
-rw-r--r--	root/root	usr/share/junit-4.5/org/junit/tests/experimental/theories/runner/UnsuccessfulWithDataPointFields$HasATheory.class
-rw-r--r--	root/root	usr/share/junit-4.5/org/junit/tests/experimental/theories/runner/UnsuccessfulWithDataPointFields$NullsOK.class
-rw-r--r--	root/root	usr/share/junit-4.5/org/junit/tests/experimental/theories/runner/UnsuccessfulWithDataPointFields$TheoriesMustBePublic.class
-rw-r--r--	root/root	usr/share/junit-4.5/org/junit/tests/experimental/theories/runner/UnsuccessfulWithDataPointFields.class
-rw-r--r--	root/root	usr/share/junit-4.5/org/junit/tests/experimental/theories/runner/UnsuccessfulWithDataPointFields.java
-rw-r--r--	root/root	usr/share/junit-4.5/org/junit/tests/experimental/theories/runner/WhenNoParametersMatch$AssumptionsFail.class
-rw-r--r--	root/root	usr/share/junit-4.5/org/junit/tests/experimental/theories/runner/WhenNoParametersMatch.class
-rw-r--r--	root/root	usr/share/junit-4.5/org/junit/tests/experimental/theories/runner/WhenNoParametersMatch.java
-rw-r--r--	root/root	usr/share/junit-4.5/org/junit/tests/experimental/theories/runner/WithDataPointMethod$DataPointMethodReturnsMutableObject.class
-rw-r--r--	root/root	usr/share/junit-4.5/org/junit/tests/experimental/theories/runner/WithDataPointMethod$HasDataPointMethod.class
-rw-r--r--	root/root	usr/share/junit-4.5/org/junit/tests/experimental/theories/runner/WithDataPointMethod$HasDateMethod.class
-rw-r--r--	root/root	usr/share/junit-4.5/org/junit/tests/experimental/theories/runner/WithDataPointMethod$HasUglyDataPointMethod.class
-rw-r--r--	root/root	usr/share/junit-4.5/org/junit/tests/experimental/theories/runner/WithDataPointMethod.class
-rw-r--r--	root/root	usr/share/junit-4.5/org/junit/tests/experimental/theories/runner/WithDataPointMethod.java
-rw-r--r--	root/root	usr/share/junit-4.5/org/junit/tests/experimental/theories/runner/WithExtendedParameterSources$DataPointArrayMethod.class
-rw-r--r--	root/root	usr/share/junit-4.5/org/junit/tests/experimental/theories/runner/WithExtendedParameterSources$DataPointArrayToBeUsedForWholeParameter.class
-rw-r--r--	root/root	usr/share/junit-4.5/org/junit/tests/experimental/theories/runner/WithExtendedParameterSources$DataPointArrays.class
-rw-r--r--	root/root	usr/share/junit-4.5/org/junit/tests/experimental/theories/runner/WithExtendedParameterSources$DataPointMalformedArrayMethods.class
-rw-r--r--	root/root	usr/share/junit-4.5/org/junit/tests/experimental/theories/runner/WithExtendedParameterSources$ParameterAnnotations.class
-rw-r--r--	root/root	usr/share/junit-4.5/org/junit/tests/experimental/theories/runner/WithExtendedParameterSources$ShouldFilterNull.class
-rw-r--r--	root/root	usr/share/junit-4.5/org/junit/tests/experimental/theories/runner/WithExtendedParameterSources.class
-rw-r--r--	root/root	usr/share/junit-4.5/org/junit/tests/experimental/theories/runner/WithExtendedParameterSources.java
-rw-r--r--	root/root	usr/share/junit-4.5/org/junit/tests/experimental/theories/runner/WithOnlyTestAnnotations$HonorExpectedException.class
-rw-r--r--	root/root	usr/share/junit-4.5/org/junit/tests/experimental/theories/runner/WithOnlyTestAnnotations$HonorExpectedExceptionPasses.class
-rw-r--r--	root/root	usr/share/junit-4.5/org/junit/tests/experimental/theories/runner/WithOnlyTestAnnotations$HonorTimeout.class
-rw-r--r--	root/root	usr/share/junit-4.5/org/junit/tests/experimental/theories/runner/WithOnlyTestAnnotations.class
-rw-r--r--	root/root	usr/share/junit-4.5/org/junit/tests/experimental/theories/runner/WithOnlyTestAnnotations.java
drwxr-xr-x	root/root	usr/share/junit-4.5/org/junit/tests/junit3compatibility/
-rw-r--r--	root/root	usr/share/junit-4.5/org/junit/tests/junit3compatibility/AllTestsTest$All.class
-rw-r--r--	root/root	usr/share/junit-4.5/org/junit/tests/junit3compatibility/AllTestsTest$AllJUnit4.class
-rw-r--r--	root/root	usr/share/junit-4.5/org/junit/tests/junit3compatibility/AllTestsTest$BadSuiteMethod.class
-rw-r--r--	root/root	usr/share/junit-4.5/org/junit/tests/junit3compatibility/AllTestsTest$JUnit4Test.class
-rw-r--r--	root/root	usr/share/junit-4.5/org/junit/tests/junit3compatibility/AllTestsTest$OneTest.class
-rw-r--r--	root/root	usr/share/junit-4.5/org/junit/tests/junit3compatibility/AllTestsTest.class
-rw-r--r--	root/root	usr/share/junit-4.5/org/junit/tests/junit3compatibility/AllTestsTest.java
-rw-r--r--	root/root	usr/share/junit-4.5/org/junit/tests/junit3compatibility/ClassRequestTest$PrivateSuiteMethod.class
-rw-r--r--	root/root	usr/share/junit-4.5/org/junit/tests/junit3compatibility/ClassRequestTest.class
-rw-r--r--	root/root	usr/share/junit-4.5/org/junit/tests/junit3compatibility/ClassRequestTest.java
-rw-r--r--	root/root	usr/share/junit-4.5/org/junit/tests/junit3compatibility/ForwardCompatibilityPrintingTest$1.class
-rw-r--r--	root/root	usr/share/junit-4.5/org/junit/tests/junit3compatibility/ForwardCompatibilityPrintingTest$2.class
-rw-r--r--	root/root	usr/share/junit-4.5/org/junit/tests/junit3compatibility/ForwardCompatibilityPrintingTest$3.class
-rw-r--r--	root/root	usr/share/junit-4.5/org/junit/tests/junit3compatibility/ForwardCompatibilityPrintingTest$ATest.class
-rw-r--r--	root/root	usr/share/junit-4.5/org/junit/tests/junit3compatibility/ForwardCompatibilityPrintingTest$TestResultPrinter.class
-rw-r--r--	root/root	usr/share/junit-4.5/org/junit/tests/junit3compatibility/ForwardCompatibilityPrintingTest.class
-rw-r--r--	root/root	usr/share/junit-4.5/org/junit/tests/junit3compatibility/ForwardCompatibilityPrintingTest.java
-rw-r--r--	root/root	usr/share/junit-4.5/org/junit/tests/junit3compatibility/ForwardCompatibilityTest$1.class
-rw-r--r--	root/root	usr/share/junit-4.5/org/junit/tests/junit3compatibility/ForwardCompatibilityTest$BeforeClassTest.class
-rw-r--r--	root/root	usr/share/junit-4.5/org/junit/tests/junit3compatibility/ForwardCompatibilityTest$ErrorTest.class
-rw-r--r--	root/root	usr/share/junit-4.5/org/junit/tests/junit3compatibility/ForwardCompatibilityTest$ExceptionInBeforeTest.class
-rw-r--r--	root/root	usr/share/junit-4.5/org/junit/tests/junit3compatibility/ForwardCompatibilityTest$ExpectedTest.class
-rw-r--r--	root/root	usr/share/junit-4.5/org/junit/tests/junit3compatibility/ForwardCompatibilityTest$InvalidMethodTest.class
-rw-r--r--	root/root	usr/share/junit-4.5/org/junit/tests/junit3compatibility/ForwardCompatibilityTest$MarkerRunner.class
-rw-r--r--	root/root	usr/share/junit-4.5/org/junit/tests/junit3compatibility/ForwardCompatibilityTest$NewTest.class
-rw-r--r--	root/root	usr/share/junit-4.5/org/junit/tests/junit3compatibility/ForwardCompatibilityTest$NoExceptionTest.class
-rw-r--r--	root/root	usr/share/junit-4.5/org/junit/tests/junit3compatibility/ForwardCompatibilityTest$NoTests.class
-rw-r--r--	root/root	usr/share/junit-4.5/org/junit/tests/junit3compatibility/ForwardCompatibilityTest$UnExpectedExceptionTest.class
-rw-r--r--	root/root	usr/share/junit-4.5/org/junit/tests/junit3compatibility/ForwardCompatibilityTest.class
-rw-r--r--	root/root	usr/share/junit-4.5/org/junit/tests/junit3compatibility/ForwardCompatibilityTest.java
-rw-r--r--	root/root	usr/share/junit-4.5/org/junit/tests/junit3compatibility/InitializationErrorForwardCompatibilityTest$1.class
-rw-r--r--	root/root	usr/share/junit-4.5/org/junit/tests/junit3compatibility/InitializationErrorForwardCompatibilityTest$CantInitialize.class
-rw-r--r--	root/root	usr/share/junit-4.5/org/junit/tests/junit3compatibility/InitializationErrorForwardCompatibilityTest$CantInitializeTests.class
-rw-r--r--	root/root	usr/share/junit-4.5/org/junit/tests/junit3compatibility/InitializationErrorForwardCompatibilityTest$ErrorRememberingListener.class
-rw-r--r--	root/root	usr/share/junit-4.5/org/junit/tests/junit3compatibility/InitializationErrorForwardCompatibilityTest$InitializesWithError.class
-rw-r--r--	root/root	usr/share/junit-4.5/org/junit/tests/junit3compatibility/InitializationErrorForwardCompatibilityTest.class
-rw-r--r--	root/root	usr/share/junit-4.5/org/junit/tests/junit3compatibility/InitializationErrorForwardCompatibilityTest.java
-rw-r--r--	root/root	usr/share/junit-4.5/org/junit/tests/junit3compatibility/JUnit38ClassRunnerTest$1.class
-rw-r--r--	root/root	usr/share/junit-4.5/org/junit/tests/junit3compatibility/JUnit38ClassRunnerTest$AnnotatedTest.class
-rw-r--r--	root/root	usr/share/junit-4.5/org/junit/tests/junit3compatibility/JUnit38ClassRunnerTest$MyTest.class
-rw-r--r--	root/root	usr/share/junit-4.5/org/junit/tests/junit3compatibility/JUnit38ClassRunnerTest$OneTest.class
-rw-r--r--	root/root	usr/share/junit-4.5/org/junit/tests/junit3compatibility/JUnit38ClassRunnerTest.class
-rw-r--r--	root/root	usr/share/junit-4.5/org/junit/tests/junit3compatibility/JUnit38ClassRunnerTest.java
-rw-r--r--	root/root	usr/share/junit-4.5/org/junit/tests/junit3compatibility/OldTestClassAdaptingListenerTest$1.class
-rw-r--r--	root/root	usr/share/junit-4.5/org/junit/tests/junit3compatibility/OldTestClassAdaptingListenerTest.class
-rw-r--r--	root/root	usr/share/junit-4.5/org/junit/tests/junit3compatibility/OldTestClassAdaptingListenerTest.java
-rw-r--r--	root/root	usr/share/junit-4.5/org/junit/tests/junit3compatibility/OldTests.class
-rw-r--r--	root/root	usr/share/junit-4.5/org/junit/tests/junit3compatibility/OldTests.java
-rw-r--r--	root/root	usr/share/junit-4.5/org/junit/tests/junit3compatibility/SuiteMethodTest$CompatibilityTest.class
-rw-r--r--	root/root	usr/share/junit-4.5/org/junit/tests/junit3compatibility/SuiteMethodTest$NewTest.class
-rw-r--r--	root/root	usr/share/junit-4.5/org/junit/tests/junit3compatibility/SuiteMethodTest$NewTestSuiteFails.class
-rw-r--r--	root/root	usr/share/junit-4.5/org/junit/tests/junit3compatibility/SuiteMethodTest$NewTestSuiteNotUsed.class
-rw-r--r--	root/root	usr/share/junit-4.5/org/junit/tests/junit3compatibility/SuiteMethodTest$OldTest.class
-rw-r--r--	root/root	usr/share/junit-4.5/org/junit/tests/junit3compatibility/SuiteMethodTest.class
-rw-r--r--	root/root	usr/share/junit-4.5/org/junit/tests/junit3compatibility/SuiteMethodTest.java
drwxr-xr-x	root/root	usr/share/junit-4.5/org/junit/tests/listening/
-rw-r--r--	root/root	usr/share/junit-4.5/org/junit/tests/listening/ListenerTest$1.class
-rw-r--r--	root/root	usr/share/junit-4.5/org/junit/tests/listening/ListenerTest$2.class
-rw-r--r--	root/root	usr/share/junit-4.5/org/junit/tests/listening/ListenerTest$OneTest.class
-rw-r--r--	root/root	usr/share/junit-4.5/org/junit/tests/listening/ListenerTest.class
-rw-r--r--	root/root	usr/share/junit-4.5/org/junit/tests/listening/ListenerTest.java
-rw-r--r--	root/root	usr/share/junit-4.5/org/junit/tests/listening/RunnerTest$1.class
-rw-r--r--	root/root	usr/share/junit-4.5/org/junit/tests/listening/RunnerTest$Example.class
-rw-r--r--	root/root	usr/share/junit-4.5/org/junit/tests/listening/RunnerTest$ExampleTest.class
-rw-r--r--	root/root	usr/share/junit-4.5/org/junit/tests/listening/RunnerTest$MyListener.class
-rw-r--r--	root/root	usr/share/junit-4.5/org/junit/tests/listening/RunnerTest$NewExample.class
-rw-r--r--	root/root	usr/share/junit-4.5/org/junit/tests/listening/RunnerTest.class
-rw-r--r--	root/root	usr/share/junit-4.5/org/junit/tests/listening/RunnerTest.java
-rw-r--r--	root/root	usr/share/junit-4.5/org/junit/tests/listening/TestListenerTest$ErrorListener.class
-rw-r--r--	root/root	usr/share/junit-4.5/org/junit/tests/listening/TestListenerTest$ExceptionListener.class
-rw-r--r--	root/root	usr/share/junit-4.5/org/junit/tests/listening/TestListenerTest$OneTest.class
-rw-r--r--	root/root	usr/share/junit-4.5/org/junit/tests/listening/TestListenerTest.class
-rw-r--r--	root/root	usr/share/junit-4.5/org/junit/tests/listening/TestListenerTest.java
-rw-r--r--	root/root	usr/share/junit-4.5/org/junit/tests/listening/TextListenerTest$ErrorTest.class
-rw-r--r--	root/root	usr/share/junit-4.5/org/junit/tests/listening/TextListenerTest$OneTest.class
-rw-r--r--	root/root	usr/share/junit-4.5/org/junit/tests/listening/TextListenerTest$Slow.class
-rw-r--r--	root/root	usr/share/junit-4.5/org/junit/tests/listening/TextListenerTest.class
-rw-r--r--	root/root	usr/share/junit-4.5/org/junit/tests/listening/TextListenerTest.java
-rw-r--r--	root/root	usr/share/junit-4.5/org/junit/tests/listening/UserStopTest$OneTest.class
-rw-r--r--	root/root	usr/share/junit-4.5/org/junit/tests/listening/UserStopTest.class
-rw-r--r--	root/root	usr/share/junit-4.5/org/junit/tests/listening/UserStopTest.java
drwxr-xr-x	root/root	usr/share/junit-4.5/org/junit/tests/manipulation/
-rw-r--r--	root/root	usr/share/junit-4.5/org/junit/tests/manipulation/FilterableTest$FilteredRunner$1.class
-rw-r--r--	root/root	usr/share/junit-4.5/org/junit/tests/manipulation/FilterableTest$FilteredRunner.class
-rw-r--r--	root/root	usr/share/junit-4.5/org/junit/tests/manipulation/FilterableTest$FilteredTest.class
-rw-r--r--	root/root	usr/share/junit-4.5/org/junit/tests/manipulation/FilterableTest.class
-rw-r--r--	root/root	usr/share/junit-4.5/org/junit/tests/manipulation/FilterableTest.java
-rw-r--r--	root/root	usr/share/junit-4.5/org/junit/tests/manipulation/SingleMethodTest$1.class
-rw-r--r--	root/root	usr/share/junit-4.5/org/junit/tests/manipulation/SingleMethodTest$HasSuiteMethod.class
-rw-r--r--	root/root	usr/share/junit-4.5/org/junit/tests/manipulation/SingleMethodTest$OneTimeSetup.class
-rw-r--r--	root/root	usr/share/junit-4.5/org/junit/tests/manipulation/SingleMethodTest$OneTwoSuite.class
-rw-r--r--	root/root	usr/share/junit-4.5/org/junit/tests/manipulation/SingleMethodTest$ParameterizedOneTimeBeforeClass.class
-rw-r--r--	root/root	usr/share/junit-4.5/org/junit/tests/manipulation/SingleMethodTest$ParameterizedOneTimeSetup.class
-rw-r--r--	root/root	usr/share/junit-4.5/org/junit/tests/manipulation/SingleMethodTest$TestOne.class
-rw-r--r--	root/root	usr/share/junit-4.5/org/junit/tests/manipulation/SingleMethodTest$TestTwo.class
-rw-r--r--	root/root	usr/share/junit-4.5/org/junit/tests/manipulation/SingleMethodTest.class
-rw-r--r--	root/root	usr/share/junit-4.5/org/junit/tests/manipulation/SingleMethodTest.java
-rw-r--r--	root/root	usr/share/junit-4.5/org/junit/tests/manipulation/SortableTest$1.class
-rw-r--r--	root/root	usr/share/junit-4.5/org/junit/tests/manipulation/SortableTest$2.class
-rw-r--r--	root/root	usr/share/junit-4.5/org/junit/tests/manipulation/SortableTest$TestClassRunnerIsSortable$Enclosing$A.class
-rw-r--r--	root/root	usr/share/junit-4.5/org/junit/tests/manipulation/SortableTest$TestClassRunnerIsSortable$Enclosing$B.class
-rw-r--r--	root/root	usr/share/junit-4.5/org/junit/tests/manipulation/SortableTest$TestClassRunnerIsSortable$Enclosing.class
-rw-r--r--	root/root	usr/share/junit-4.5/org/junit/tests/manipulation/SortableTest$TestClassRunnerIsSortable$SortMe.class
-rw-r--r--	root/root	usr/share/junit-4.5/org/junit/tests/manipulation/SortableTest$TestClassRunnerIsSortable.class
-rw-r--r--	root/root	usr/share/junit-4.5/org/junit/tests/manipulation/SortableTest$TestClassRunnerIsSortableWithSuiteMethod$SortMe.class
-rw-r--r--	root/root	usr/share/junit-4.5/org/junit/tests/manipulation/SortableTest$TestClassRunnerIsSortableWithSuiteMethod.class
-rw-r--r--	root/root	usr/share/junit-4.5/org/junit/tests/manipulation/SortableTest$UnsortableRunnersAreHandledWithoutCrashing$Unsortable.class
-rw-r--r--	root/root	usr/share/junit-4.5/org/junit/tests/manipulation/SortableTest$UnsortableRunnersAreHandledWithoutCrashing$UnsortableRunner.class
-rw-r--r--	root/root	usr/share/junit-4.5/org/junit/tests/manipulation/SortableTest$UnsortableRunnersAreHandledWithoutCrashing.class
-rw-r--r--	root/root	usr/share/junit-4.5/org/junit/tests/manipulation/SortableTest.class
-rw-r--r--	root/root	usr/share/junit-4.5/org/junit/tests/manipulation/SortableTest.java
-rw-r--r--	root/root	usr/share/junit-4.5/org/junit/tests/package-info.java
drwxr-xr-x	root/root	usr/share/junit-4.5/org/junit/tests/running/
drwxr-xr-x	root/root	usr/share/junit-4.5/org/junit/tests/running/classes/
-rw-r--r--	root/root	usr/share/junit-4.5/org/junit/tests/running/classes/EnclosedTest$Enclosing$A.class
-rw-r--r--	root/root	usr/share/junit-4.5/org/junit/tests/running/classes/EnclosedTest$Enclosing$B.class
-rw-r--r--	root/root	usr/share/junit-4.5/org/junit/tests/running/classes/EnclosedTest$Enclosing.class
-rw-r--r--	root/root	usr/share/junit-4.5/org/junit/tests/running/classes/EnclosedTest.class
-rw-r--r--	root/root	usr/share/junit-4.5/org/junit/tests/running/classes/EnclosedTest.java
-rw-r--r--	root/root	usr/share/junit-4.5/org/junit/tests/running/classes/IgnoreClassTest$IgnoreMe.class
-rw-r--r--	root/root	usr/share/junit-4.5/org/junit/tests/running/classes/IgnoreClassTest.class
-rw-r--r--	root/root	usr/share/junit-4.5/org/junit/tests/running/classes/IgnoreClassTest.java
-rw-r--r--	root/root	usr/share/junit-4.5/org/junit/tests/running/classes/ParameterizedTestTest$BeforeAndAfter.class
-rw-r--r--	root/root	usr/share/junit-4.5/org/junit/tests/running/classes/ParameterizedTestTest$EmptyTest.class
-rw-r--r--	root/root	usr/share/junit-4.5/org/junit/tests/running/classes/ParameterizedTestTest$FibonacciTest.class
-rw-r--r--	root/root	usr/share/junit-4.5/org/junit/tests/running/classes/ParameterizedTestTest$IncorrectTest.class
-rw-r--r--	root/root	usr/share/junit-4.5/org/junit/tests/running/classes/ParameterizedTestTest$PrivateConstructor.class
-rw-r--r--	root/root	usr/share/junit-4.5/org/junit/tests/running/classes/ParameterizedTestTest$ProtectedParametersTest.class
-rw-r--r--	root/root	usr/share/junit-4.5/org/junit/tests/running/classes/ParameterizedTestTest$WrongElementType.class
-rw-r--r--	root/root	usr/share/junit-4.5/org/junit/tests/running/classes/ParameterizedTestTest.class
-rw-r--r--	root/root	usr/share/junit-4.5/org/junit/tests/running/classes/ParameterizedTestTest.java
-rw-r--r--	root/root	usr/share/junit-4.5/org/junit/tests/running/classes/RunWithTest$BadRunner.class
-rw-r--r--	root/root	usr/share/junit-4.5/org/junit/tests/running/classes/RunWithTest$Empty.class
-rw-r--r--	root/root	usr/share/junit-4.5/org/junit/tests/running/classes/RunWithTest$ExampleRunner.class
-rw-r--r--	root/root	usr/share/junit-4.5/org/junit/tests/running/classes/RunWithTest$ExampleTest.class
-rw-r--r--	root/root	usr/share/junit-4.5/org/junit/tests/running/classes/RunWithTest$SubExampleTest.class
-rw-r--r--	root/root	usr/share/junit-4.5/org/junit/tests/running/classes/RunWithTest.class
-rw-r--r--	root/root	usr/share/junit-4.5/org/junit/tests/running/classes/RunWithTest.java
-rw-r--r--	root/root	usr/share/junit-4.5/org/junit/tests/running/classes/SuiteTest$All.class
-rw-r--r--	root/root	usr/share/junit-4.5/org/junit/tests/running/classes/SuiteTest$AllWithBeforeAndAfterClass.class
-rw-r--r--	root/root	usr/share/junit-4.5/org/junit/tests/running/classes/SuiteTest$AllWithOutAnnotation.class
-rw-r--r--	root/root	usr/share/junit-4.5/org/junit/tests/running/classes/SuiteTest$BiInfiniteLoop.class
-rw-r--r--	root/root	usr/share/junit-4.5/org/junit/tests/running/classes/SuiteTest$Hercules.class
-rw-r--r--	root/root	usr/share/junit-4.5/org/junit/tests/running/classes/SuiteTest$Hydra.class
-rw-r--r--	root/root	usr/share/junit-4.5/org/junit/tests/running/classes/SuiteTest$InfiniteLoop.class
-rw-r--r--	root/root	usr/share/junit-4.5/org/junit/tests/running/classes/SuiteTest$NoSuiteClassesAnnotation.class
-rw-r--r--	root/root	usr/share/junit-4.5/org/junit/tests/running/classes/SuiteTest$TestA.class
-rw-r--r--	root/root	usr/share/junit-4.5/org/junit/tests/running/classes/SuiteTest$TestB.class
-rw-r--r--	root/root	usr/share/junit-4.5/org/junit/tests/running/classes/SuiteTest$WithoutDefaultConstructor.class
-rw-r--r--	root/root	usr/share/junit-4.5/org/junit/tests/running/classes/SuiteTest.class
-rw-r--r--	root/root	usr/share/junit-4.5/org/junit/tests/running/classes/SuiteTest.java
-rw-r--r--	root/root	usr/share/junit-4.5/org/junit/tests/running/classes/TestClassTest$1.class
-rw-r--r--	root/root	usr/share/junit-4.5/org/junit/tests/running/classes/TestClassTest$ManyMethods.class
-rw-r--r--	root/root	usr/share/junit-4.5/org/junit/tests/running/classes/TestClassTest$TwoConstructors.class
-rw-r--r--	root/root	usr/share/junit-4.5/org/junit/tests/running/classes/TestClassTest.class
-rw-r--r--	root/root	usr/share/junit-4.5/org/junit/tests/running/classes/TestClassTest.java
-rw-r--r--	root/root	usr/share/junit-4.5/org/junit/tests/running/classes/UseSuiteAsASuperclassTest$AllWithMySuite.class
-rw-r--r--	root/root	usr/share/junit-4.5/org/junit/tests/running/classes/UseSuiteAsASuperclassTest$MySuite.class
-rw-r--r--	root/root	usr/share/junit-4.5/org/junit/tests/running/classes/UseSuiteAsASuperclassTest$TestA.class
-rw-r--r--	root/root	usr/share/junit-4.5/org/junit/tests/running/classes/UseSuiteAsASuperclassTest$TestB.class
-rw-r--r--	root/root	usr/share/junit-4.5/org/junit/tests/running/classes/UseSuiteAsASuperclassTest.class
-rw-r--r--	root/root	usr/share/junit-4.5/org/junit/tests/running/classes/UseSuiteAsASuperclassTest.java
drwxr-xr-x	root/root	usr/share/junit-4.5/org/junit/tests/running/core/
-rw-r--r--	root/root	usr/share/junit-4.5/org/junit/tests/running/core/CommandLineTest$Count.class
-rw-r--r--	root/root	usr/share/junit-4.5/org/junit/tests/running/core/CommandLineTest$Example.class
-rw-r--r--	root/root	usr/share/junit-4.5/org/junit/tests/running/core/CommandLineTest.class
-rw-r--r--	root/root	usr/share/junit-4.5/org/junit/tests/running/core/CommandLineTest.java
-rw-r--r--	root/root	usr/share/junit-4.5/org/junit/tests/running/core/JUnitCoreReturnsCorrectExitCodeTest$Fail.class
-rw-r--r--	root/root	usr/share/junit-4.5/org/junit/tests/running/core/JUnitCoreReturnsCorrectExitCodeTest$Succeed.class
-rw-r--r--	root/root	usr/share/junit-4.5/org/junit/tests/running/core/JUnitCoreReturnsCorrectExitCodeTest.class
-rw-r--r--	root/root	usr/share/junit-4.5/org/junit/tests/running/core/JUnitCoreReturnsCorrectExitCodeTest.java
-rw-r--r--	root/root	usr/share/junit-4.5/org/junit/tests/running/core/SystemExitTest$Exit.class
-rw-r--r--	root/root	usr/share/junit-4.5/org/junit/tests/running/core/SystemExitTest.class
-rw-r--r--	root/root	usr/share/junit-4.5/org/junit/tests/running/core/SystemExitTest.java
drwxr-xr-x	root/root	usr/share/junit-4.5/org/junit/tests/running/methods/
-rw-r--r--	root/root	usr/share/junit-4.5/org/junit/tests/running/methods/AnnotationTest$ErrorInAfterClass.class
-rw-r--r--	root/root	usr/share/junit-4.5/org/junit/tests/running/methods/AnnotationTest$ErrorInBeforeClass.class
-rw-r--r--	root/root	usr/share/junit-4.5/org/junit/tests/running/methods/AnnotationTest$ExceptionTest.class
-rw-r--r--	root/root	usr/share/junit-4.5/org/junit/tests/running/methods/AnnotationTest$FailureTest.class
-rw-r--r--	root/root	usr/share/junit-4.5/org/junit/tests/running/methods/AnnotationTest$NoExceptionTest.class
-rw-r--r--	root/root	usr/share/junit-4.5/org/junit/tests/running/methods/AnnotationTest$NonStaticOneTimeSetup.class
-rw-r--r--	root/root	usr/share/junit-4.5/org/junit/tests/running/methods/AnnotationTest$OldSuiteTest.class
-rw-r--r--	root/root	usr/share/junit-4.5/org/junit/tests/running/methods/AnnotationTest$OldTest.class
-rw-r--r--	root/root	usr/share/junit-4.5/org/junit/tests/running/methods/AnnotationTest$OneTimeSetup.class
-rw-r--r--	root/root	usr/share/junit-4.5/org/junit/tests/running/methods/AnnotationTest$OneTimeTeardown.class
-rw-r--r--	root/root	usr/share/junit-4.5/org/junit/tests/running/methods/AnnotationTest$OrderTest.class
-rw-r--r--	root/root	usr/share/junit-4.5/org/junit/tests/running/methods/AnnotationTest$RunAllAfterClasses.class
-rw-r--r--	root/root	usr/share/junit-4.5/org/junit/tests/running/methods/AnnotationTest$RunAllAfterClassesRegardless.class
-rw-r--r--	root/root	usr/share/junit-4.5/org/junit/tests/running/methods/AnnotationTest$RunAllAfters.class
-rw-r--r--	root/root	usr/share/junit-4.5/org/junit/tests/running/methods/AnnotationTest$RunAllAftersRegardless.class
-rw-r--r--	root/root	usr/share/junit-4.5/org/junit/tests/running/methods/AnnotationTest$SetupFailureTest.class
-rw-r--r--	root/root	usr/share/junit-4.5/org/junit/tests/running/methods/AnnotationTest$SetupTest.class
-rw-r--r--	root/root	usr/share/junit-4.5/org/junit/tests/running/methods/AnnotationTest$SimpleTest.class
-rw-r--r--	root/root	usr/share/junit-4.5/org/junit/tests/running/methods/AnnotationTest$SimpleTestWithFutureProofExplicitRunner.class
-rw-r--r--	root/root	usr/share/junit-4.5/org/junit/tests/running/methods/AnnotationTest$SubInheritance.class
-rw-r--r--	root/root	usr/share/junit-4.5/org/junit/tests/running/methods/AnnotationTest$SubShadowing.class
-rw-r--r--	root/root	usr/share/junit-4.5/org/junit/tests/running/methods/AnnotationTest$SubTest.class
-rw-r--r--	root/root	usr/share/junit-4.5/org/junit/tests/running/methods/AnnotationTest$SuperInheritance.class
-rw-r--r--	root/root	usr/share/junit-4.5/org/junit/tests/running/methods/AnnotationTest$SuperShadowing.class
-rw-r--r--	root/root	usr/share/junit-4.5/org/junit/tests/running/methods/AnnotationTest$SuperTest.class
-rw-r--r--	root/root	usr/share/junit-4.5/org/junit/tests/running/methods/AnnotationTest$TeardownAfterFailureTest.class
-rw-r--r--	root/root	usr/share/junit-4.5/org/junit/tests/running/methods/AnnotationTest$TeardownFailureTest.class
-rw-r--r--	root/root	usr/share/junit-4.5/org/junit/tests/running/methods/AnnotationTest$TeardownTest.class
-rw-r--r--	root/root	usr/share/junit-4.5/org/junit/tests/running/methods/AnnotationTest$TestAndTeardownFailureTest.class
-rw-r--r--	root/root	usr/share/junit-4.5/org/junit/tests/running/methods/AnnotationTest$TwoTests.class
-rw-r--r--	root/root	usr/share/junit-4.5/org/junit/tests/running/methods/AnnotationTest.class
-rw-r--r--	root/root	usr/share/junit-4.5/org/junit/tests/running/methods/AnnotationTest.java
-rw-r--r--	root/root	usr/share/junit-4.5/org/junit/tests/running/methods/ExpectedTest$ExpectSuperclass.class
-rw-r--r--	root/root	usr/share/junit-4.5/org/junit/tests/running/methods/ExpectedTest$Expected.class
-rw-r--r--	root/root	usr/share/junit-4.5/org/junit/tests/running/methods/ExpectedTest$NoneThrown.class
-rw-r--r--	root/root	usr/share/junit-4.5/org/junit/tests/running/methods/ExpectedTest$Unexpected.class
-rw-r--r--	root/root	usr/share/junit-4.5/org/junit/tests/running/methods/ExpectedTest.class
-rw-r--r--	root/root	usr/share/junit-4.5/org/junit/tests/running/methods/ExpectedTest.java
-rw-r--r--	root/root	usr/share/junit-4.5/org/junit/tests/running/methods/InheritedTestTest$Sub.class
-rw-r--r--	root/root	usr/share/junit-4.5/org/junit/tests/running/methods/InheritedTestTest$SubWithBefore.class
-rw-r--r--	root/root	usr/share/junit-4.5/org/junit/tests/running/methods/InheritedTestTest$Super.class
-rw-r--r--	root/root	usr/share/junit-4.5/org/junit/tests/running/methods/InheritedTestTest.class
-rw-r--r--	root/root	usr/share/junit-4.5/org/junit/tests/running/methods/InheritedTestTest.java
-rw-r--r--	root/root	usr/share/junit-4.5/org/junit/tests/running/methods/ParameterizedTestMethodTest$EverythingWrong.class
-rw-r--r--	root/root	usr/share/junit-4.5/org/junit/tests/running/methods/ParameterizedTestMethodTest$SubShadows.class
-rw-r--r--	root/root	usr/share/junit-4.5/org/junit/tests/running/methods/ParameterizedTestMethodTest$SubWrong.class
-rw-r--r--	root/root	usr/share/junit-4.5/org/junit/tests/running/methods/ParameterizedTestMethodTest$SuperWrong.class
-rw-r--r--	root/root	usr/share/junit-4.5/org/junit/tests/running/methods/ParameterizedTestMethodTest.class
-rw-r--r--	root/root	usr/share/junit-4.5/org/junit/tests/running/methods/ParameterizedTestMethodTest.java
-rw-r--r--	root/root	usr/share/junit-4.5/org/junit/tests/running/methods/TestMethodTest$Confused.class
-rw-r--r--	root/root	usr/share/junit-4.5/org/junit/tests/running/methods/TestMethodTest$ConstructorParameter.class
-rw-r--r--	root/root	usr/share/junit-4.5/org/junit/tests/running/methods/TestMethodTest$EverythingWrong.class
-rw-r--r--	root/root	usr/share/junit-4.5/org/junit/tests/running/methods/TestMethodTest$IgnoredTest.class
-rw-r--r--	root/root	usr/share/junit-4.5/org/junit/tests/running/methods/TestMethodTest$OnlyTestIsIgnored.class
-rw-r--r--	root/root	usr/share/junit-4.5/org/junit/tests/running/methods/TestMethodTest$SubShadows.class
-rw-r--r--	root/root	usr/share/junit-4.5/org/junit/tests/running/methods/TestMethodTest$SubWrong.class
-rw-r--r--	root/root	usr/share/junit-4.5/org/junit/tests/running/methods/TestMethodTest$SuperWrong.class
-rw-r--r--	root/root	usr/share/junit-4.5/org/junit/tests/running/methods/TestMethodTest.class
-rw-r--r--	root/root	usr/share/junit-4.5/org/junit/tests/running/methods/TestMethodTest.java
-rw-r--r--	root/root	usr/share/junit-4.5/org/junit/tests/running/methods/TimeoutTest$FailureWithTimeoutRunTimeExceptionTest.class
-rw-r--r--	root/root	usr/share/junit-4.5/org/junit/tests/running/methods/TimeoutTest$FailureWithTimeoutTest.class
-rw-r--r--	root/root	usr/share/junit-4.5/org/junit/tests/running/methods/TimeoutTest$ImpatientLoopTest.class
-rw-r--r--	root/root	usr/share/junit-4.5/org/junit/tests/running/methods/TimeoutTest$InfiniteLoopTest.class
-rw-r--r--	root/root	usr/share/junit-4.5/org/junit/tests/running/methods/TimeoutTest$SuccessWithTimeoutTest.class
-rw-r--r--	root/root	usr/share/junit-4.5/org/junit/tests/running/methods/TimeoutTest$TimeoutFailureTest.class
-rw-r--r--	root/root	usr/share/junit-4.5/org/junit/tests/running/methods/TimeoutTest$WillTimeOut.class
-rw-r--r--	root/root	usr/share/junit-4.5/org/junit/tests/running/methods/TimeoutTest.class
-rw-r--r--	root/root	usr/share/junit-4.5/org/junit/tests/running/methods/TimeoutTest.java
drwxr-xr-x	root/root	usr/share/junit-4.5/org/junit/tests/validation/
-rw-r--r--	root/root	usr/share/junit-4.5/org/junit/tests/validation/BadlyFormedClassesTest$BadBeforeMethodWithLegacyRunner.class
-rw-r--r--	root/root	usr/share/junit-4.5/org/junit/tests/validation/BadlyFormedClassesTest$FaultyConstructor.class
-rw-r--r--	root/root	usr/share/junit-4.5/org/junit/tests/validation/BadlyFormedClassesTest$NoTests.class
-rw-r--r--	root/root	usr/share/junit-4.5/org/junit/tests/validation/BadlyFormedClassesTest.class
-rw-r--r--	root/root	usr/share/junit-4.5/org/junit/tests/validation/BadlyFormedClassesTest.java
-rw-r--r--	root/root	usr/share/junit-4.5/org/junit/tests/validation/FailedConstructionTest$CantConstruct.class
-rw-r--r--	root/root	usr/share/junit-4.5/org/junit/tests/validation/FailedConstructionTest.class
-rw-r--r--	root/root	usr/share/junit-4.5/org/junit/tests/validation/FailedConstructionTest.java
-rw-r--r--	root/root	usr/share/junit-4.5/org/junit/tests/validation/InaccessibleBaseClassTest.class
-rw-r--r--	root/root	usr/share/junit-4.5/org/junit/tests/validation/InaccessibleBaseClassTest.java
-rw-r--r--	root/root	usr/share/junit-4.5/org/junit/tests/validation/ValidationTest$NonStaticBeforeClass.class
-rw-r--r--	root/root	usr/share/junit-4.5/org/junit/tests/validation/ValidationTest$WrongBeforeClass.class
-rw-r--r--	root/root	usr/share/junit-4.5/org/junit/tests/validation/ValidationTest.class
-rw-r--r--	root/root	usr/share/junit-4.5/org/junit/tests/validation/ValidationTest.java
drwxr-xr-x	root/root	usr/share/junit-4.5/org/junit/tests/validation/anotherpackage/
-rw-r--r--	root/root	usr/share/junit-4.5/org/junit/tests/validation/anotherpackage/Sub.class
-rw-r--r--	root/root	usr/share/junit-4.5/org/junit/tests/validation/anotherpackage/Sub.java
-rw-r--r--	root/root	usr/share/junit-4.5/org/junit/tests/validation/anotherpackage/Super.class
-rw-r--r--	root/root	usr/share/junit-4.5/org/junit/tests/validation/anotherpackage/Super.java
